# JRE version: OpenJDK Runtime Environment (21.0.8) (build 21.0.8+-14196175-b1038.72)
# Java VM: OpenJDK 64-Bit Server VM (21.0.8+-14196175-b1038.72, mixed mode, tiered, compressed oops, compressed class ptrs, g1 gc, windows-amd64)
GC Precious Log:
 CardTable entry size: 512
 Card Set container configuration: InlinePtr #cards 4 size 8 Array Of Cards #cards 16 size 48 Howl #buckets 8 coarsen threshold 3686 Howl Bitmap #cards 512 size 80 coarsen threshold 460 Card regions per heap region 1 cards per card region 4096
 CPUs: 12 total, 12 available
 Memory: 15741M
 Large Page Support: Disabled
 NUMA Support: Disabled
 Compressed Oops: Enabled (Zero based)
 Heap Region Size: 2M
 Heap Min Capacity: 8M
 Heap Initial Capacity: 8M
 Heap Max Capacity: 3936M
 Pre-touch: Disabled
 Parallel Workers: 10
 Concurrent Workers: 3
 Concurrent Refinement Workers: 10
 Periodic GC: Disabled
Heap:
 garbage-first heap   total 38912K, used 10949K [0x000000070a000000, 0x0000000800000000)
  region size 2048K, 6 young (12288K), 1 survivors (2048K)
 Metaspace       used 11281K, committed 11584K, reserved 1114112K
  class space    used 1167K, committed 1344K, reserved 1048576K
GC Heap History (20 events):
Event: 0.520 GC heap before
{Heap before GC invocations=3 (full 0):
 garbage-first heap   total 8192K, used 3644K [0x000000070a000000, 0x0000000800000000)
  region size 2048K, 2 young (4096K), 1 survivors (2048K)
 Metaspace       used 9912K, committed 10112K, reserved 1114112K
  class space    used 996K, committed 1088K, reserved 1048576K
}
Event: 0.524 GC heap after
{Heap after GC invocations=4 (full 0):
 garbage-first heap   total 8192K, used 2858K [0x000000070a000000, 0x0000000800000000)
  region size 2048K, 1 young (2048K), 1 survivors (2048K)
 Metaspace       used 9912K, committed 10112K, reserved 1114112K
  class space    used 996K, committed 1088K, reserved 1048576K
}
Event: 0.581 GC heap before
{Heap before GC invocations=4 (full 0):
 garbage-first heap   total 8192K, used 4906K [0x000000070a000000, 0x0000000800000000)
  region size 2048K, 2 young (4096K), 1 survivors (2048K)
 Metaspace       used 10162K, committed 10368K, reserved 1114112K
  class space    used 1031K, committed 1152K, reserved 1048576K
}
Event: 0.585 GC heap after
{Heap after GC invocations=5 (full 0):
 garbage-first heap   total 14336K, used 3112K [0x000000070a000000, 0x0000000800000000)
  region size 2048K, 1 young (2048K), 1 survivors (2048K)
 Metaspace       used 10162K, committed 10368K, reserved 1114112K
  class space    used 1031K, committed 1152K, reserved 1048576K
}
Event: 0.621 GC heap before
{Heap before GC invocations=5 (full 0):
 garbage-first heap   total 14336K, used 5160K [0x000000070a000000, 0x0000000800000000)
  region size 2048K, 2 young (4096K), 1 survivors (2048K)
 Metaspace       used 10401K, committed 10688K, reserved 1114112K
  class space    used 1078K, committed 1216K, reserved 1048576K
}
Event: 0.622 GC heap after
{Heap after GC invocations=6 (full 0):
 garbage-first heap   total 14336K, used 3240K [0x000000070a000000, 0x0000000800000000)
  region size 2048K, 1 young (2048K), 1 survivors (2048K)
 Metaspace       used 10401K, committed 10688K, reserved 1114112K
  class space    used 1078K, committed 1216K, reserved 1048576K
}
Event: 0.674 GC heap before
{Heap before GC invocations=6 (full 0):
 garbage-first heap   total 14336K, used 5288K [0x000000070a000000, 0x0000000800000000)
  region size 2048K, 2 young (4096K), 1 survivors (2048K)
 Metaspace       used 10820K, committed 11136K, reserved 1114112K
  class space    used 1136K, committed 1280K, reserved 1048576K
}
Event: 0.676 GC heap after
{Heap after GC invocations=7 (full 0):
 garbage-first heap   total 14336K, used 3481K [0x000000070a000000, 0x0000000800000000)
  region size 2048K, 1 young (2048K), 1 survivors (2048K)
 Metaspace       used 10820K, committed 11136K, reserved 1114112K
  class space    used 1136K, committed 1280K, reserved 1048576K
}
Event: 0.740 GC heap before
{Heap before GC invocations=7 (full 0):
 garbage-first heap   total 14336K, used 7577K [0x000000070a000000, 0x0000000800000000)
  region size 2048K, 3 young (6144K), 1 survivors (2048K)
 Metaspace       used 11001K, committed 11264K, reserved 1114112K
  class space    used 1142K, committed 1280K, reserved 1048576K
}
Event: 0.743 GC heap after
{Heap after GC invocations=8 (full 0):
 garbage-first heap   total 14336K, used 4245K [0x000000070a000000, 0x0000000800000000)
  region size 2048K, 1 young (2048K), 1 survivors (2048K)
 Metaspace       used 11001K, committed 11264K, reserved 1114112K
  class space    used 1142K, committed 1280K, reserved 1048576K
}
Event: 0.753 GC heap before
{Heap before GC invocations=8 (full 0):
 garbage-first heap   total 14336K, used 6293K [0x000000070a000000, 0x0000000800000000)
  region size 2048K, 2 young (4096K), 1 survivors (2048K)
 Metaspace       used 11028K, committed 11328K, reserved 1114112K
  class space    used 1144K, committed 1280K, reserved 1048576K
}
Event: 0.756 GC heap after
{Heap after GC invocations=9 (full 0):
 garbage-first heap   total 20480K, used 4556K [0x000000070a000000, 0x0000000800000000)
  region size 2048K, 1 young (2048K), 1 survivors (2048K)
 Metaspace       used 11028K, committed 11328K, reserved 1114112K
  class space    used 1144K, committed 1280K, reserved 1048576K
}
Event: 0.822 GC heap before
{Heap before GC invocations=9 (full 0):
 garbage-first heap   total 20480K, used 8652K [0x000000070a000000, 0x0000000800000000)
  region size 2048K, 4 young (8192K), 1 survivors (2048K)
 Metaspace       used 11122K, committed 11392K, reserved 1114112K
  class space    used 1154K, committed 1280K, reserved 1048576K
}
Event: 0.824 GC heap after
{Heap after GC invocations=10 (full 0):
 garbage-first heap   total 20480K, used 4836K [0x000000070a000000, 0x0000000800000000)
  region size 2048K, 1 young (2048K), 1 survivors (2048K)
 Metaspace       used 11122K, committed 11392K, reserved 1114112K
  class space    used 1154K, committed 1280K, reserved 1048576K
}
Event: 0.863 GC heap before
{Heap before GC invocations=10 (full 0):
 garbage-first heap   total 20480K, used 13028K [0x000000070a000000, 0x0000000800000000)
  region size 2048K, 5 young (10240K), 1 survivors (2048K)
 Metaspace       used 11146K, committed 11392K, reserved 1114112K
  class space    used 1154K, committed 1280K, reserved 1048576K
}
Event: 0.864 GC heap after
{Heap after GC invocations=11 (full 0):
 garbage-first heap   total 20480K, used 4841K [0x000000070a000000, 0x0000000800000000)
  region size 2048K, 1 young (2048K), 1 survivors (2048K)
 Metaspace       used 11146K, committed 11392K, reserved 1114112K
  class space    used 1154K, committed 1280K, reserved 1048576K
}
Event: 0.889 GC heap before
{Heap before GC invocations=11 (full 0):
 garbage-first heap   total 20480K, used 13033K [0x000000070a000000, 0x0000000800000000)
  region size 2048K, 6 young (12288K), 1 survivors (2048K)
 Metaspace       used 11173K, committed 11456K, reserved 1114112K
  class space    used 1154K, committed 1280K, reserved 1048576K
}
Event: 0.890 GC heap after
{Heap after GC invocations=12 (full 0):
 garbage-first heap   total 20480K, used 4850K [0x000000070a000000, 0x0000000800000000)
  region size 2048K, 1 young (2048K), 1 survivors (2048K)
 Metaspace       used 11173K, committed 11456K, reserved 1114112K
  class space    used 1154K, committed 1280K, reserved 1048576K
}
Event: 0.917 GC heap before
{Heap before GC invocations=12 (full 0):
 garbage-first heap   total 20480K, used 13042K [0x000000070a000000, 0x0000000800000000)
  region size 2048K, 6 young (12288K), 1 survivors (2048K)
 Metaspace       used 11189K, committed 11456K, reserved 1114112K
  class space    used 1154K, committed 1280K, reserved 1048576K
}
Event: 0.918 GC heap after
{Heap after GC invocations=13 (full 0):
 garbage-first heap   total 38912K, used 4805K [0x000000070a000000, 0x0000000800000000)
  region size 2048K, 1 young (2048K), 1 survivors (2048K)
 Metaspace       used 11189K, committed 11456K, reserved 1114112K
  class space    used 1154K, committed 1280K, reserved 1048576K
}

